ye@lst-hpc3090:~/exp/scrdr_tuto/inter$ ./run_inter_weather.sh
--- Running in BUILD mode ---

[Row 1/7] ERROR Found!
{'Outlook': 'Sunny', 'Temp': 'Hot', 'Humidity': 'High', 'Windy': False, 'Activity': 'Swim'}

[KNOWLEDGE ACQUISITION]
System predicted: 'Unknown' but Actual is: 'Swim'
Enter feature name (or 'exit'): Windy
Enter operator (==, <, >): ==
Enter threshold value: False

[Row 2/7] ERROR Found!
{'Outlook': 'Sunny', 'Temp': 'Hot', 'Humidity': 'High', 'Windy': True, 'Activity': 'Stay-In'}

[KNOWLEDGE ACQUISITION]
System predicted: 'Unknown' but Actual is: 'Stay-In'
Enter feature name (or 'exit'): Temp
Enter operator (==, <, >): ==
Enter threshold value: Hot

[Row 4/7] ERROR Found!
{'Outlook': 'Rain', 'Temp': 'Mild', 'Humidity': 'High', 'Windy': False, 'Activity': 'Walk'}

[KNOWLEDGE ACQUISITION]
System predicted: 'Swim' but Actual is: 'Walk'
Enter feature name (or 'exit'): Temp
Enter operator (==, <, >): ==
Enter threshold value: Mild

[Row 5/7] ERROR Found!
{'Outlook': 'Rain', 'Temp': 'Cool', 'Humidity': 'Normal', 'Windy': False, 'Activity': 'Walk'}

[KNOWLEDGE ACQUISITION]
System predicted: 'Swim' but Actual is: 'Walk'
Enter feature name (or 'exit'): Temp
Enter operator (==, <, >): ==
Enter threshold value: Cool

[Row 6/7] ERROR Found!
{'Outlook': 'Rain', 'Temp': 'Cool', 'Humidity': 'Normal', 'Windy': True, 'Activity': 'Stay-In'}

[KNOWLEDGE ACQUISITION]
System predicted: 'Unknown' but Actual is: 'Stay-In'
Enter feature name (or 'exit'): Outlook
Enter operator (==, <, >): ==
Enter threshold value: Rain

[Row 7/7] ERROR Found!
{'Outlook': 'Overcast', 'Temp': 'Cool', 'Humidity': 'Normal', 'Windy': True, 'Activity': 'Walk'}

[KNOWLEDGE ACQUISITION]
System predicted: 'Unknown' but Actual is: 'Walk'
Enter feature name (or 'exit'): Temp
Enter operator (==, <, >): ==
Enter threshold value: Cool

--- FINAL PERFORMANCE SUMMARY ---
              precision    recall  f1-score   support

     Stay-In       1.00      1.00      1.00         2
        Swim       1.00      1.00      1.00         2
        Walk       1.00      1.00      1.00         3

    accuracy                           1.00         7
   macro avg       1.00      1.00      1.00         7
weighted avg       1.00      1.00      1.00         7

Loaded existing model: weather_demo.json
--- Running in TEST mode ---

--- FINAL PERFORMANCE SUMMARY ---
              precision    recall  f1-score   support

     Stay-In       1.00      1.00      1.00         2
        Swim       1.00      1.00      1.00         2
        Walk       1.00      1.00      1.00         3

    accuracy                           1.00         7
   macro avg       1.00      1.00      1.00         7
weighted avg       1.00      1.00      1.00         7

ye@lst-hpc3090:~/exp/scrdr_tuto/inter$
