Starting Exhaustive Benchmark...
====================================================
Processing Dataset: data/iris.data
====================================================

--- DT REPORT | iris.data ---
                 precision    recall  f1-score   support

    Iris-setosa       1.00      1.00      1.00        10
Iris-versicolor       1.00      1.00      1.00         9
 Iris-virginica       1.00      1.00      1.00        11

       accuracy                           1.00        30
      macro avg       1.00      1.00      1.00        30
   weighted avg       1.00      1.00      1.00        30


--- RF REPORT | iris.data ---
                 precision    recall  f1-score   support

    Iris-setosa       1.00      1.00      1.00        10
Iris-versicolor       1.00      1.00      1.00         9
 Iris-virginica       1.00      1.00      1.00        11

       accuracy                           1.00        30
      macro avg       1.00      1.00      1.00        30
   weighted avg       1.00      1.00      1.00        30


--- SVM REPORT | iris.data ---
                 precision    recall  f1-score   support

    Iris-setosa       1.00      1.00      1.00        10
Iris-versicolor       1.00      1.00      1.00         9
 Iris-virginica       1.00      1.00      1.00        11

       accuracy                           1.00        30
      macro avg       1.00      1.00      1.00        30
   weighted avg       1.00      1.00      1.00        30


--- NB REPORT | iris.data ---
                 precision    recall  f1-score   support

    Iris-setosa       1.00      1.00      1.00        10
Iris-versicolor       1.00      1.00      1.00         9
 Iris-virginica       1.00      1.00      1.00        11

       accuracy                           1.00        30
      macro avg       1.00      1.00      1.00        30
   weighted avg       1.00      1.00      1.00        30


--- LR REPORT | iris.data ---
                 precision    recall  f1-score   support

    Iris-setosa       1.00      1.00      1.00        10
Iris-versicolor       1.00      1.00      1.00         9
 Iris-virginica       1.00      1.00      1.00        11

       accuracy                           1.00        30
      macro avg       1.00      1.00      1.00        30
   weighted avg       1.00      1.00      1.00        30

====================================================
Processing Dataset: data/wine.data
====================================================

--- DT REPORT | wine.data ---
              precision    recall  f1-score   support

           1       0.93      0.93      0.93        14
           2       0.93      1.00      0.97        14
           3       1.00      0.88      0.93         8

    accuracy                           0.94        36
   macro avg       0.95      0.93      0.94        36
weighted avg       0.95      0.94      0.94        36


--- RF REPORT | wine.data ---
              precision    recall  f1-score   support

           1       1.00      1.00      1.00        14
           2       1.00      1.00      1.00        14
           3       1.00      1.00      1.00         8

    accuracy                           1.00        36
   macro avg       1.00      1.00      1.00        36
weighted avg       1.00      1.00      1.00        36


--- SVM REPORT | wine.data ---
              precision    recall  f1-score   support

           1       1.00      1.00      1.00        14
           2       1.00      1.00      1.00        14
           3       1.00      1.00      1.00         8

    accuracy                           1.00        36
   macro avg       1.00      1.00      1.00        36
weighted avg       1.00      1.00      1.00        36


--- NB REPORT | wine.data ---
              precision    recall  f1-score   support

           1       1.00      1.00      1.00        14
           2       1.00      1.00      1.00        14
           3       1.00      1.00      1.00         8

    accuracy                           1.00        36
   macro avg       1.00      1.00      1.00        36
weighted avg       1.00      1.00      1.00        36


--- LR REPORT | wine.data ---
              precision    recall  f1-score   support

           1       1.00      1.00      1.00        14
           2       1.00      1.00      1.00        14
           3       1.00      1.00      1.00         8

    accuracy                           1.00        36
   macro avg       1.00      1.00      1.00        36
weighted avg       1.00      1.00      1.00        36

====================================================
Processing Dataset: data/agaricus-lepiota.data
====================================================

--- DT REPORT | agaricus-lepiota.data ---
              precision    recall  f1-score   support

           e       1.00      1.00      1.00       843
           p       1.00      1.00      1.00       782

    accuracy                           1.00      1625
   macro avg       1.00      1.00      1.00      1625
weighted avg       1.00      1.00      1.00      1625


--- RF REPORT | agaricus-lepiota.data ---
              precision    recall  f1-score   support

           e       1.00      1.00      1.00       843
           p       1.00      1.00      1.00       782

    accuracy                           1.00      1625
   macro avg       1.00      1.00      1.00      1625
weighted avg       1.00      1.00      1.00      1625


--- SVM REPORT | agaricus-lepiota.data ---
              precision    recall  f1-score   support

           e       1.00      1.00      1.00       843
           p       1.00      1.00      1.00       782

    accuracy                           1.00      1625
   macro avg       1.00      1.00      1.00      1625
weighted avg       1.00      1.00      1.00      1625


--- NB REPORT | agaricus-lepiota.data ---
              precision    recall  f1-score   support

           e       1.00      0.91      0.95       843
           p       0.91      1.00      0.95       782

    accuracy                           0.95      1625
   macro avg       0.95      0.95      0.95      1625
weighted avg       0.96      0.95      0.95      1625


--- LR REPORT | agaricus-lepiota.data ---
              precision    recall  f1-score   support

           e       1.00      1.00      1.00       843
           p       1.00      1.00      1.00       782

    accuracy                           1.00      1625
   macro avg       1.00      1.00      1.00      1625
weighted avg       1.00      1.00      1.00      1625

====================================================
Processing Dataset: data/wdbc.data
====================================================

--- DT REPORT | wdbc.data ---
              precision    recall  f1-score   support

           B       0.96      0.96      0.96        71
           M       0.93      0.93      0.93        43

    accuracy                           0.95       114
   macro avg       0.94      0.94      0.94       114
weighted avg       0.95      0.95      0.95       114


--- RF REPORT | wdbc.data ---
              precision    recall  f1-score   support

           B       0.96      0.99      0.97        71
           M       0.98      0.93      0.95        43

    accuracy                           0.96       114
   macro avg       0.97      0.96      0.96       114
weighted avg       0.97      0.96      0.96       114


--- SVM REPORT | wdbc.data ---
              precision    recall  f1-score   support

           B       0.97      0.99      0.98        71
           M       0.98      0.95      0.96        43

    accuracy                           0.97       114
   macro avg       0.97      0.97      0.97       114
weighted avg       0.97      0.97      0.97       114


--- NB REPORT | wdbc.data ---
              precision    recall  f1-score   support

           B       0.96      0.99      0.97        71
           M       0.98      0.93      0.95        43

    accuracy                           0.96       114
   macro avg       0.97      0.96      0.96       114
weighted avg       0.97      0.96      0.96       114


--- LR REPORT | wdbc.data ---
              precision    recall  f1-score   support

           B       0.97      0.99      0.98        71
           M       0.98      0.95      0.96        43

    accuracy                           0.97       114
   macro avg       0.97      0.97      0.97       114
weighted avg       0.97      0.97      0.97       114

====================================================
Processing Dataset: data/titanic1.csv
====================================================

--- DT REPORT | titanic1.csv ---
              precision    recall  f1-score   support

           0       0.82      0.80      0.81       105
           1       0.72      0.74      0.73        74

    accuracy                           0.78       179
   macro avg       0.77      0.77      0.77       179
weighted avg       0.78      0.78      0.78       179


--- RF REPORT | titanic1.csv ---
              precision    recall  f1-score   support

           0       0.82      0.85      0.84       105
           1       0.77      0.74      0.76        74

    accuracy                           0.80       179
   macro avg       0.80      0.80      0.80       179
weighted avg       0.80      0.80      0.80       179


--- SVM REPORT | titanic1.csv ---
              precision    recall  f1-score   support

           0       0.81      0.90      0.86       105
           1       0.84      0.70      0.76        74

    accuracy                           0.82       179
   macro avg       0.83      0.80      0.81       179
weighted avg       0.82      0.82      0.82       179


--- NB REPORT | titanic1.csv ---
              precision    recall  f1-score   support

           0       0.84      0.77      0.80       105
           1       0.71      0.78      0.74        74

    accuracy                           0.78       179
   macro avg       0.77      0.78      0.77       179
weighted avg       0.78      0.78      0.78       179


--- LR REPORT | titanic1.csv ---
              precision    recall  f1-score   support

           0       0.82      0.86      0.84       105
           1       0.78      0.73      0.76        74

    accuracy                           0.80       179
   macro avg       0.80      0.79      0.80       179
weighted avg       0.80      0.80      0.80       179

Exhaustive benchmark complete. Check results_ml/ for 25 total images.
