Building RDR tree on 120 samples...

--- CLASSIFICATION REPORT ---
                 precision    recall  f1-score   support

    Iris-setosa       1.00      1.00      1.00        10
Iris-versicolor       1.00      0.89      0.94         9
 Iris-virginica       0.92      1.00      0.96        11

       accuracy                           0.97        30
      macro avg       0.97      0.96      0.97        30
   weighted avg       0.97      0.97      0.97        30

Confusion matrix saved to iris_rdr_cf.png
Building RDR tree on 712 samples...

--- CLASSIFICATION REPORT ---
              precision    recall  f1-score   support

           0       0.82      0.89      0.85       105
           1       0.82      0.72      0.76        74

    accuracy                           0.82       179
   macro avg       0.82      0.80      0.81       179
weighted avg       0.82      0.82      0.81       179

Confusion matrix saved to titanic_rdr_cf.png
Building RDR tree on 142 samples...

--- CLASSIFICATION REPORT ---
              precision    recall  f1-score   support

           1       0.80      0.86      0.83        14
           2       0.75      0.64      0.69        14
           3       0.56      0.62      0.59         8

    accuracy                           0.72        36
   macro avg       0.70      0.71      0.70        36
weighted avg       0.73      0.72      0.72        36

Confusion matrix saved to wine_rdr_cf.png
Building RDR tree on 6499 samples...

--- CLASSIFICATION REPORT ---
              precision    recall  f1-score   support

           e       1.00      1.00      1.00       843
           p       1.00      1.00      1.00       782

    accuracy                           1.00      1625
   macro avg       1.00      1.00      1.00      1625
weighted avg       1.00      1.00      1.00      1625

Confusion matrix saved to mushroom_rdr_cf.png
Building RDR tree on 455 samples...

--- CLASSIFICATION REPORT ---
              precision    recall  f1-score   support

           B       0.84      0.92      0.88        71
           M       0.84      0.72      0.78        43

    accuracy                           0.84       114
   macro avg       0.84      0.82      0.83       114
weighted avg       0.84      0.84      0.84       114

Confusion matrix saved to breast_cancer_rdr_cf.png
