--- Running in BUILD mode ---

[Row 1/10] ERROR Found!
{'Hours_Studied': 2, 'Attendance_Pct': 40, 'Pass_Fail': 'Fail'}

[KNOWLEDGE ACQUISITION]
System predicted: 'Unknown' but Actual is: 'Fail'
Enter feature name (or 'exit'): Enter operator (==, <, >): Enter threshold value: 
[Row 2/10] ERROR Found!
{'Hours_Studied': 15, 'Attendance_Pct': 95, 'Pass_Fail': 'Pass'}

[KNOWLEDGE ACQUISITION]
System predicted: 'Unknown' but Actual is: 'Pass'
Enter feature name (or 'exit'): Enter operator (==, <, >): Enter threshold value: 
[Row 5/10] ERROR Found!
{'Hours_Studied': 8, 'Attendance_Pct': 45, 'Pass_Fail': 'Fail'}

[KNOWLEDGE ACQUISITION]
System predicted: 'Unknown' but Actual is: 'Fail'
Enter feature name (or 'exit'): Enter operator (==, <, >): Enter threshold value: 
--- FINAL PERFORMANCE SUMMARY ---
              precision    recall  f1-score   support

        Fail       1.00      1.00      1.00         5
        Pass       1.00      1.00      1.00         5

    accuracy                           1.00        10
   macro avg       1.00      1.00      1.00        10
weighted avg       1.00      1.00      1.00        10

