ye@lst-hpc3090:~/exp/scrdr_tuto/inter$ ./run_inter_students.sh
--- Running in BUILD mode ---

[Row 1/10] ERROR Found!
{'Hours_Studied': 2, 'Attendance_Pct': 40, 'Pass_Fail': 'Fail'}

[KNOWLEDGE ACQUISITION]
System predicted: 'Unknown' but Actual is: 'Fail'
Enter feature name (or 'exit'): Hours_Studied
Enter operator (==, <, >): <
Enter threshold value: 6

[Row 2/10] ERROR Found!
{'Hours_Studied': 15, 'Attendance_Pct': 95, 'Pass_Fail': 'Pass'}

[KNOWLEDGE ACQUISITION]
System predicted: 'Unknown' but Actual is: 'Pass'
Enter feature name (or 'exit'): Attendance_Pct
Enter operator (==, <, >): >
Enter threshold value: 50

[Row 5/10] ERROR Found!
{'Hours_Studied': 8, 'Attendance_Pct': 45, 'Pass_Fail': 'Fail'}

[KNOWLEDGE ACQUISITION]
System predicted: 'Unknown' but Actual is: 'Fail'
Enter feature name (or 'exit'): Attendance_Pct
Enter operator (==, <, >): <
Enter threshold value: 50

--- FINAL PERFORMANCE SUMMARY ---
              precision    recall  f1-score   support

        Fail       1.00      1.00      1.00         5
        Pass       1.00      1.00      1.00         5

    accuracy                           1.00        10
   macro avg       1.00      1.00      1.00        10
weighted avg       1.00      1.00      1.00        10

Loaded existing model: students_rules_demo.json
--- Running in TEST mode ---

--- FINAL PERFORMANCE SUMMARY ---
              precision    recall  f1-score   support

        Fail       1.00      1.00      1.00         5
        Pass       1.00      1.00      1.00         5

    accuracy                           1.00        10
   macro avg       1.00      1.00      1.00        10
weighted avg       1.00      1.00      1.00        10

ye@lst-hpc3090:~/exp/scrdr_tuto/inter$
